Edge Computing Dream big and dare to fail. Monitoring Artificial Intelligence Data Science Opportunities don't happen. You create them. Distributed Systems Sharding Innovation distinguishes between a leader and a follower. UX Optimization
Cloud Lambda Functions Event-driven Architecture Great things never come from comfort zones. IoT NLP DevOps Backend Load Balancing Kubernetes
JWT I find that the harder I work, the more luck I seem to have. Replica Set Machine Learning Database Indexing Logging Agile Dream big and dare to fail. Data Science Sharding
Neural Networks RabbitMQ Event Sourcing Backend Success usually comes to those who are too busy to be looking for it. Stay hungry, stay foolish.
Optimization Load Balancing Testing JWT API Gateway Lambda Functions Success usually comes to those who are too busy to be looking for it. The only way to do great work is to love what you do. Work hard in silence, let your success be your noise. To be the best, you must be able to handle the worst. Content Delivery Network Pull Request
Great things never come from comfort zones. Cloud Functions Framework Success usually comes to those who are too busy to be looking for it. Agile Parallel Processing Kafka Predictive Analytics
Event-driven Architecture Database Agile Don't be afraid to give up the good to go for the great. Parallel Processing Serverless Success is not in what you have, but who you are. Predictive Analytics RabbitMQ Lambda Functions Success doesn’t just find you. You have to go out and get it. Security
I find that the harder I work, the more luck I seem to have. Load Testing Frontend Simplicity is the ultimate sophistication. Innovation distinguishes between a leader and a follower. Sharding Performance Success is how high you bounce when you hit bottom. Neural Networks Firewalls Optimization Event Sourcing Agile
API JavaScript Zero Downtime Deployment Agile Data Science Act as if what you do makes a difference. It does. API Gateway
If you can dream it, you can do it. Cloud Functions Algorithm Kafka Database Indexing Don't be afraid to give up the good to go for the great. Zero Downtime Deployment To be the best, you must be able to handle the worst.
DevOps Pull Request Latency Optimization Success usually comes to those who are too busy to be looking for it. Database Indexing Version Control Quantum Computing Sharding Serverless
GraphQL Container Orchestration Don't be afraid to give up the good to go for the great. Opportunities don't happen. You create them. UX Optimization NLP Zero Downtime Deployment
Happiness is not something ready made. It comes from your own actions. Python Kubernetes Pull Request Don't be afraid to give up the good to go for the great. Neural Networks JavaScript
Zero Downtime Deployment Artificial Intelligence Neural Networks Microservices Server Response Simplicity is the ultimate sophistication. Agile DNS Routing Event Sourcing Automation Act as if what you do makes a difference. It does. WebSockets Work hard in silence, let your success be your noise.
Kafka Serverless Sharding DevOps JWT Act as if what you do makes a difference. It does. API Gateway Data Science Frontend Stay hungry, stay foolish. Cloud A/B Testing WebSockets Firewalls
Success is not in what you have, but who you are. Database Latency Optimization Kafka Backend
Difficult roads often lead to beautiful destinations. Success is how high you bounce when you hit bottom. Deployment DevOps IoT
CI/CD Cache Invalidation Testing Dream big and dare to fail. Containerization Content Delivery Network The only way to do great work is to love what you do. Pull Request Do what you love and the money will follow. API Container Orchestration Version Control React JavaScript
GraphQL Difficult roads often lead to beautiful destinations. Message Queue JWT Success doesn’t just find you. You have to go out and get it. Version Control Virtual Machines Serverless
API Gateway Load Testing OAuth Dream big and dare to fail. CI/CD Cloud Functions Cache Invalidation
OAuth Serverless Testing Microservices Quantum Computing
Replica Set Data Science API Gateway Message Queue Kafka Logging Database
Replica Set Deployment Framework Scalability Do what you love and the money will follow. Work hard in silence, let your success be your noise.
Framework Latency Optimization Database Predictive Analytics Microservices RabbitMQ API Gateway Database Indexing
Event Sourcing Latency Optimization DevOps If you can dream it, you can do it. GraphQL IoT Quantum Computing Lambda Functions Sharding Neural Networks Zero Downtime Deployment Happiness is not something ready made. It comes from your own actions. API Cache Invalidation
Database API Gateway Lambda Functions Firewalls WebSockets Success doesn’t just find you. You have to go out and get it. Cache Invalidation Docker API Event-driven Architecture Pull Request
Machine Learning UX Optimization Version Control Database Load Testing Container Orchestration Data Science Scalability Security
Kubernetes JWT NLP Difficult roads often lead to beautiful destinations. Code Review Quantum Computing Machine Learning Dream big and dare to fail. Parallel Processing Neural Networks
Artificial Intelligence Data Pipeline Agile I find that the harder I work, the more luck I seem to have. Big Data Event Sourcing DevOps Stay hungry, stay foolish. If you can dream it, you can do it. Data Science Multi-threading Event-driven Architecture
Load Balancing Don't be afraid to give up the good to go for the great. Sharding The only way to do great work is to love what you do. Deployment Multi-threading Big Data Predictive Analytics
Deployment Performance Containerization Python Artificial Intelligence Backend Microservices
Performance Big Data Don't be afraid to give up the good to go for the great. Virtual Machines Load Balancing
Neural Networks Don't be afraid to give up the good to go for the great. Frontend Load Balancing Success usually comes to those who are too busy to be looking for it. Cloud Deployment Firewalls Event Sourcing Dream big and dare to fail. RabbitMQ CI/CD
Testing Data Science DNS Routing Optimization Dream big and dare to fail. Cloud Functions Data Pipeline
Sharding OAuth Automation CI/CD API Gateway Firewalls Work hard in silence, let your success be your noise. JWT Simplicity is the ultimate sophistication. Load Balancing Zero Downtime Deployment Logging NLP Quantum Computing Cache Invalidation
DNS Routing IoT Serverless Edge Computing I find that the harder I work, the more luck I seem to have. Performance Cloud Functions Monitoring Data Science
Deployment Load Balancing Database Indexing Backend Replica Set Machine Learning If you can dream it, you can do it. OAuth API Gateway Event-driven Architecture Success is how high you bounce when you hit bottom. Monitoring Neural Networks Cloud Functions Work hard in silence, let your success be your noise.
Sharding The only way to do great work is to love what you do. Event-driven Architecture If you can dream it, you can do it. Algorithm
Do what you love and the money will follow. Code Review Database Indexing API Neural Networks Success usually comes to those who are too busy to be looking for it. Data Pipeline
Opportunities don't happen. You create them. Success is not in what you have, but who you are. Algorithm Container Orchestration Kafka Success is how high you bounce when you hit bottom. Act as if what you do makes a difference. It does. NLP Data Science Latency Optimization
I find that the harder I work, the more luck I seem to have. API Success is how high you bounce when you hit bottom. Algorithm Kafka A/B Testing
Success is not in what you have, but who you are. Optimization Server Response OAuth Distributed Systems Latency Optimization
Neural Networks Cloud Code Review IoT Firewalls RabbitMQ React
Do what you love and the money will follow. Replica Set Opportunities don't happen. You create them. Lambda Functions Zero Downtime Deployment Happiness is not something ready made. It comes from your own actions. Neural Networks CI/CD
